Build started 02/10/2015 21:40:44.
     1>Project "M:\Game Jams\BrokenStreetFighter\BrokenStreetFighter\BrokenStreetFighter\BrokenStreetFighter.vcxproj" on node 2 (Build target(s)).
     1>ClCompile:
         C:\Program Files (x86)\Microsoft Visual Studio 12.0\VC\bin\CL.exe /c /I"M:\Game Jams\BrokenStreetFighter\BrokenStreetFighter\\SFML-2.3.2\include" /ZI /nologo /W3 /WX- /sdl /Od /Oy- /D SFML_STATIC /D WIN32 /D _DEBUG /D _WINDOWS /D _UNICODE /D UNICODE /Gm /EHsc /RTC1 /MDd /GS /fp:precise /Zc:wchar_t /Zc:forScope /Fo"Debug\\" /Fd"Debug\vc120.pdb" /Gd /TP /analyze- /errorReport:prompt Application.cpp main.cpp
         main.cpp
         Application.cpp
         Generating Code...
       Link:
         C:\Program Files (x86)\Microsoft Visual Studio 12.0\VC\bin\link.exe /ERRORREPORT:PROMPT /OUT:"M:\Game Jams\BrokenStreetFighter\BrokenStreetFighter\Debug\BrokenStreetFighter.exe" /INCREMENTAL /NOLOGO /LIBPATH:"M:\Game Jams\BrokenStreetFighter\BrokenStreetFighter\\SFML-2.3.2\lib" "sfml-main-d.lib" "sfml-system-s-d.lib" winmm.lib "sfml-network-s-d.lib" ws2_32.lib "sfml-audio-s-d.lib" openal32.lib "sfml-window-s-d.lib" opengl32.lib gdi32.lib "sfml-graphics-s-d.lib" freetype.lib jpeg.lib kernel32.lib user32.lib gdi32.lib winspool.lib comdlg32.lib advapi32.lib shell32.lib ole32.lib oleaut32.lib uuid.lib odbc32.lib odbccp32.lib /MANIFEST /MANIFESTUAC:"level='asInvoker' uiAccess='false'" /manifest:embed /DEBUG /PDB:"M:\Game Jams\BrokenStreetFighter\BrokenStreetFighter\Debug\BrokenStreetFighter.pdb" /SUBSYSTEM:WINDOWS /TLBID:1 /DYNAMICBASE /NXCOMPAT /IMPLIB:"M:\Game Jams\BrokenStreetFighter\BrokenStreetFighter\Debug\BrokenStreetFighter.lib" /MACHINE:X86 Debug\Application.obj
         Debug\main.obj
     1>sfml-main-d.lib(MainWin32.cpp.obj) : warning LNK4099: PDB 'vc120.pdb' was not found with 'sfml-main-d.lib(MainWin32.cpp.obj)' or at 'M:\Game Jams\BrokenStreetFighter\BrokenStreetFighter\Debug\vc120.pdb'; linking object as if no debug info
     1>sfml-system-s-d.lib(Clock.cpp.obj) : warning LNK4099: PDB 'vc120.pdb' was not found with 'sfml-system-s-d.lib(Clock.cpp.obj)' or at 'M:\Game Jams\BrokenStreetFighter\BrokenStreetFighter\Debug\vc120.pdb'; linking object as if no debug info
     1>sfml-system-s-d.lib(Err.cpp.obj) : warning LNK4099: PDB 'vc120.pdb' was not found with 'sfml-system-s-d.lib(Err.cpp.obj)' or at 'M:\Game Jams\BrokenStreetFighter\BrokenStreetFighter\Debug\vc120.pdb'; linking object as if no debug info
     1>sfml-system-s-d.lib(Lock.cpp.obj) : warning LNK4099: PDB 'vc120.pdb' was not found with 'sfml-system-s-d.lib(Lock.cpp.obj)' or at 'M:\Game Jams\BrokenStreetFighter\BrokenStreetFighter\Debug\vc120.pdb'; linking object as if no debug info
     1>sfml-system-s-d.lib(Mutex.cpp.obj) : warning LNK4099: PDB 'vc120.pdb' was not found with 'sfml-system-s-d.lib(Mutex.cpp.obj)' or at 'M:\Game Jams\BrokenStreetFighter\BrokenStreetFighter\Debug\vc120.pdb'; linking object as if no debug info
     1>sfml-system-s-d.lib(Sleep.cpp.obj) : warning LNK4099: PDB 'vc120.pdb' was not found with 'sfml-system-s-d.lib(Sleep.cpp.obj)' or at 'M:\Game Jams\BrokenStreetFighter\BrokenStreetFighter\Debug\vc120.pdb'; linking object as if no debug info
     1>sfml-system-s-d.lib(String.cpp.obj) : warning LNK4099: PDB 'vc120.pdb' was not found with 'sfml-system-s-d.lib(String.cpp.obj)' or at 'M:\Game Jams\BrokenStreetFighter\BrokenStreetFighter\Debug\vc120.pdb'; linking object as if no debug info
     1>sfml-system-s-d.lib(ThreadLocal.cpp.obj) : warning LNK4099: PDB 'vc120.pdb' was not found with 'sfml-system-s-d.lib(ThreadLocal.cpp.obj)' or at 'M:\Game Jams\BrokenStreetFighter\BrokenStreetFighter\Debug\vc120.pdb'; linking object as if no debug info
     1>sfml-system-s-d.lib(Time.cpp.obj) : warning LNK4099: PDB 'vc120.pdb' was not found with 'sfml-system-s-d.lib(Time.cpp.obj)' or at 'M:\Game Jams\BrokenStreetFighter\BrokenStreetFighter\Debug\vc120.pdb'; linking object as if no debug info
     1>sfml-system-s-d.lib(ClockImpl.cpp.obj) : warning LNK4099: PDB 'vc120.pdb' was not found with 'sfml-system-s-d.lib(ClockImpl.cpp.obj)' or at 'M:\Game Jams\BrokenStreetFighter\BrokenStreetFighter\Debug\vc120.pdb'; linking object as if no debug info
     1>sfml-system-s-d.lib(MutexImpl.cpp.obj) : warning LNK4099: PDB 'vc120.pdb' was not found with 'sfml-system-s-d.lib(MutexImpl.cpp.obj)' or at 'M:\Game Jams\BrokenStreetFighter\BrokenStreetFighter\Debug\vc120.pdb'; linking object as if no debug info
     1>sfml-system-s-d.lib(SleepImpl.cpp.obj) : warning LNK4099: PDB 'vc120.pdb' was not found with 'sfml-system-s-d.lib(SleepImpl.cpp.obj)' or at 'M:\Game Jams\BrokenStreetFighter\BrokenStreetFighter\Debug\vc120.pdb'; linking object as if no debug info
     1>sfml-system-s-d.lib(ThreadLocalImpl.cpp.obj) : warning LNK4099: PDB 'vc120.pdb' was not found with 'sfml-system-s-d.lib(ThreadLocalImpl.cpp.obj)' or at 'M:\Game Jams\BrokenStreetFighter\BrokenStreetFighter\Debug\vc120.pdb'; linking object as if no debug info
     1>sfml-window-s-d.lib(Context.cpp.obj) : warning LNK4099: PDB 'vc120.pdb' was not found with 'sfml-window-s-d.lib(Context.cpp.obj)' or at 'M:\Game Jams\BrokenStreetFighter\BrokenStreetFighter\Debug\vc120.pdb'; linking object as if no debug info
     1>sfml-window-s-d.lib(GlContext.cpp.obj) : warning LNK4099: PDB 'vc120.pdb' was not found with 'sfml-window-s-d.lib(GlContext.cpp.obj)' or at 'M:\Game Jams\BrokenStreetFighter\BrokenStreetFighter\Debug\vc120.pdb'; linking object as if no debug info
     1>sfml-window-s-d.lib(GlResource.cpp.obj) : warning LNK4099: PDB 'vc120.pdb' was not found with 'sfml-window-s-d.lib(GlResource.cpp.obj)' or at 'M:\Game Jams\BrokenStreetFighter\BrokenStreetFighter\Debug\vc120.pdb'; linking object as if no debug info
     1>sfml-window-s-d.lib(Joystick.cpp.obj) : warning LNK4099: PDB 'vc120.pdb' was not found with 'sfml-window-s-d.lib(Joystick.cpp.obj)' or at 'M:\Game Jams\BrokenStreetFighter\BrokenStreetFighter\Debug\vc120.pdb'; linking object as if no debug info
     1>sfml-window-s-d.lib(JoystickManager.cpp.obj) : warning LNK4099: PDB 'vc120.pdb' was not found with 'sfml-window-s-d.lib(JoystickManager.cpp.obj)' or at 'M:\Game Jams\BrokenStreetFighter\BrokenStreetFighter\Debug\vc120.pdb'; linking object as if no debug info
     1>sfml-window-s-d.lib(SensorManager.cpp.obj) : warning LNK4099: PDB 'vc120.pdb' was not found with 'sfml-window-s-d.lib(SensorManager.cpp.obj)' or at 'M:\Game Jams\BrokenStreetFighter\BrokenStreetFighter\Debug\vc120.pdb'; linking object as if no debug info
     1>sfml-window-s-d.lib(VideoMode.cpp.obj) : warning LNK4099: PDB 'vc120.pdb' was not found with 'sfml-window-s-d.lib(VideoMode.cpp.obj)' or at 'M:\Game Jams\BrokenStreetFighter\BrokenStreetFighter\Debug\vc120.pdb'; linking object as if no debug info
     1>sfml-window-s-d.lib(Window.cpp.obj) : warning LNK4099: PDB 'vc120.pdb' was not found with 'sfml-window-s-d.lib(Window.cpp.obj)' or at 'M:\Game Jams\BrokenStreetFighter\BrokenStreetFighter\Debug\vc120.pdb'; linking object as if no debug info
     1>sfml-window-s-d.lib(WindowImpl.cpp.obj) : warning LNK4099: PDB 'vc120.pdb' was not found with 'sfml-window-s-d.lib(WindowImpl.cpp.obj)' or at 'M:\Game Jams\BrokenStreetFighter\BrokenStreetFighter\Debug\vc120.pdb'; linking object as if no debug info
     1>sfml-window-s-d.lib(WglContext.cpp.obj) : warning LNK4099: PDB 'vc120.pdb' was not found with 'sfml-window-s-d.lib(WglContext.cpp.obj)' or at 'M:\Game Jams\BrokenStreetFighter\BrokenStreetFighter\Debug\vc120.pdb'; linking object as if no debug info
     1>sfml-window-s-d.lib(WglExtensions.cpp.obj) : warning LNK4099: PDB 'vc120.pdb' was not found with 'sfml-window-s-d.lib(WglExtensions.cpp.obj)' or at 'M:\Game Jams\BrokenStreetFighter\BrokenStreetFighter\Debug\vc120.pdb'; linking object as if no debug info
     1>sfml-window-s-d.lib(JoystickImpl.cpp.obj) : warning LNK4099: PDB 'vc120.pdb' was not found with 'sfml-window-s-d.lib(JoystickImpl.cpp.obj)' or at 'M:\Game Jams\BrokenStreetFighter\BrokenStreetFighter\Debug\vc120.pdb'; linking object as if no debug info
     1>sfml-window-s-d.lib(SensorImpl.cpp.obj) : warning LNK4099: PDB 'vc120.pdb' was not found with 'sfml-window-s-d.lib(SensorImpl.cpp.obj)' or at 'M:\Game Jams\BrokenStreetFighter\BrokenStreetFighter\Debug\vc120.pdb'; linking object as if no debug info
     1>sfml-window-s-d.lib(VideoModeImpl.cpp.obj) : warning LNK4099: PDB 'vc120.pdb' was not found with 'sfml-window-s-d.lib(VideoModeImpl.cpp.obj)' or at 'M:\Game Jams\BrokenStreetFighter\BrokenStreetFighter\Debug\vc120.pdb'; linking object as if no debug info
     1>sfml-window-s-d.lib(WindowImplWin32.cpp.obj) : warning LNK4099: PDB 'vc120.pdb' was not found with 'sfml-window-s-d.lib(WindowImplWin32.cpp.obj)' or at 'M:\Game Jams\BrokenStreetFighter\BrokenStreetFighter\Debug\vc120.pdb'; linking object as if no debug info
     1>sfml-graphics-s-d.lib(BlendMode.cpp.obj) : warning LNK4099: PDB 'vc120.pdb' was not found with 'sfml-graphics-s-d.lib(BlendMode.cpp.obj)' or at 'M:\Game Jams\BrokenStreetFighter\BrokenStreetFighter\Debug\vc120.pdb'; linking object as if no debug info
     1>sfml-graphics-s-d.lib(Color.cpp.obj) : warning LNK4099: PDB 'vc120.pdb' was not found with 'sfml-graphics-s-d.lib(Color.cpp.obj)' or at 'M:\Game Jams\BrokenStreetFighter\BrokenStreetFighter\Debug\vc120.pdb'; linking object as if no debug info
     1>sfml-graphics-s-d.lib(GLCheck.cpp.obj) : warning LNK4099: PDB 'vc120.pdb' was not found with 'sfml-graphics-s-d.lib(GLCheck.cpp.obj)' or at 'M:\Game Jams\BrokenStreetFighter\BrokenStreetFighter\Debug\vc120.pdb'; linking object as if no debug info
     1>sfml-graphics-s-d.lib(GLExtensions.cpp.obj) : warning LNK4099: PDB 'vc120.pdb' was not found with 'sfml-graphics-s-d.lib(GLExtensions.cpp.obj)' or at 'M:\Game Jams\BrokenStreetFighter\BrokenStreetFighter\Debug\vc120.pdb'; linking object as if no debug info
     1>sfml-graphics-s-d.lib(Image.cpp.obj) : warning LNK4099: PDB 'vc120.pdb' was not found with 'sfml-graphics-s-d.lib(Image.cpp.obj)' or at 'M:\Game Jams\BrokenStreetFighter\BrokenStreetFighter\Debug\vc120.pdb'; linking object as if no debug info
     1>sfml-graphics-s-d.lib(ImageLoader.cpp.obj) : warning LNK4099: PDB 'vc120.pdb' was not found with 'sfml-graphics-s-d.lib(ImageLoader.cpp.obj)' or at 'M:\Game Jams\BrokenStreetFighter\BrokenStreetFighter\Debug\vc120.pdb'; linking object as if no debug info
     1>sfml-graphics-s-d.lib(RenderStates.cpp.obj) : warning LNK4099: PDB 'vc120.pdb' was not found with 'sfml-graphics-s-d.lib(RenderStates.cpp.obj)' or at 'M:\Game Jams\BrokenStreetFighter\BrokenStreetFighter\Debug\vc120.pdb'; linking object as if no debug info
     1>sfml-graphics-s-d.lib(RenderTarget.cpp.obj) : warning LNK4099: PDB 'vc120.pdb' was not found with 'sfml-graphics-s-d.lib(RenderTarget.cpp.obj)' or at 'M:\Game Jams\BrokenStreetFighter\BrokenStreetFighter\Debug\vc120.pdb'; linking object as if no debug info
     1>sfml-graphics-s-d.lib(RenderWindow.cpp.obj) : warning LNK4099: PDB 'vc120.pdb' was not found with 'sfml-graphics-s-d.lib(RenderWindow.cpp.obj)' or at 'M:\Game Jams\BrokenStreetFighter\BrokenStreetFighter\Debug\vc120.pdb'; linking object as if no debug info
     1>sfml-graphics-s-d.lib(Shader.cpp.obj) : warning LNK4099: PDB 'vc120.pdb' was not found with 'sfml-graphics-s-d.lib(Shader.cpp.obj)' or at 'M:\Game Jams\BrokenStreetFighter\BrokenStreetFighter\Debug\vc120.pdb'; linking object as if no debug info
     1>sfml-graphics-s-d.lib(Texture.cpp.obj) : warning LNK4099: PDB 'vc120.pdb' was not found with 'sfml-graphics-s-d.lib(Texture.cpp.obj)' or at 'M:\Game Jams\BrokenStreetFighter\BrokenStreetFighter\Debug\vc120.pdb'; linking object as if no debug info
     1>sfml-graphics-s-d.lib(TextureSaver.cpp.obj) : warning LNK4099: PDB 'vc120.pdb' was not found with 'sfml-graphics-s-d.lib(TextureSaver.cpp.obj)' or at 'M:\Game Jams\BrokenStreetFighter\BrokenStreetFighter\Debug\vc120.pdb'; linking object as if no debug info
     1>sfml-graphics-s-d.lib(Transform.cpp.obj) : warning LNK4099: PDB 'vc120.pdb' was not found with 'sfml-graphics-s-d.lib(Transform.cpp.obj)' or at 'M:\Game Jams\BrokenStreetFighter\BrokenStreetFighter\Debug\vc120.pdb'; linking object as if no debug info
     1>sfml-graphics-s-d.lib(Transformable.cpp.obj) : warning LNK4099: PDB 'vc120.pdb' was not found with 'sfml-graphics-s-d.lib(Transformable.cpp.obj)' or at 'M:\Game Jams\BrokenStreetFighter\BrokenStreetFighter\Debug\vc120.pdb'; linking object as if no debug info
     1>sfml-graphics-s-d.lib(View.cpp.obj) : warning LNK4099: PDB 'vc120.pdb' was not found with 'sfml-graphics-s-d.lib(View.cpp.obj)' or at 'M:\Game Jams\BrokenStreetFighter\BrokenStreetFighter\Debug\vc120.pdb'; linking object as if no debug info
     1>sfml-graphics-s-d.lib(Vertex.cpp.obj) : warning LNK4099: PDB 'vc120.pdb' was not found with 'sfml-graphics-s-d.lib(Vertex.cpp.obj)' or at 'M:\Game Jams\BrokenStreetFighter\BrokenStreetFighter\Debug\vc120.pdb'; linking object as if no debug info
     1>sfml-graphics-s-d.lib(GLLoader.cpp.obj) : warning LNK4099: PDB 'vc120.pdb' was not found with 'sfml-graphics-s-d.lib(GLLoader.cpp.obj)' or at 'M:\Game Jams\BrokenStreetFighter\BrokenStreetFighter\Debug\vc120.pdb'; linking object as if no debug info
     1>sfml-graphics-s-d.lib(Shape.cpp.obj) : warning LNK4099: PDB 'vc120.pdb' was not found with 'sfml-graphics-s-d.lib(Shape.cpp.obj)' or at 'M:\Game Jams\BrokenStreetFighter\BrokenStreetFighter\Debug\vc120.pdb'; linking object as if no debug info
     1>sfml-graphics-s-d.lib(CircleShape.cpp.obj) : warning LNK4099: PDB 'vc120.pdb' was not found with 'sfml-graphics-s-d.lib(CircleShape.cpp.obj)' or at 'M:\Game Jams\BrokenStreetFighter\BrokenStreetFighter\Debug\vc120.pdb'; linking object as if no debug info
     1>sfml-graphics-s-d.lib(VertexArray.cpp.obj) : warning LNK4099: PDB 'vc120.pdb' was not found with 'sfml-graphics-s-d.lib(VertexArray.cpp.obj)' or at 'M:\Game Jams\BrokenStreetFighter\BrokenStreetFighter\Debug\vc120.pdb'; linking object as if no debug info
         BrokenStreetFighter.vcxproj -> M:\Game Jams\BrokenStreetFighter\BrokenStreetFighter\Debug\BrokenStreetFighter.exe
     1>Done Building Project "M:\Game Jams\BrokenStreetFighter\BrokenStreetFighter\BrokenStreetFighter\BrokenStreetFighter.vcxproj" (Build target(s)).

Build succeeded.

Time Elapsed 00:00:03.75
